# JRE version: Java(TM) SE Runtime Environment (8.0_25-b18) (build 1.8.0_25-b18)
# Java VM: Java HotSpot(TM) 64-Bit Server VM (25.25-b02 mixed mode windows-amd64 compressed oops)
Heap:
 PSYoungGen      total 194048K, used 21862K [0x00000000eab00000, 0x00000000fc080000, 0x0000000100000000)
  eden space 184832K, 11% used [0x00000000eab00000,0x00000000ec059bd0,0x00000000f5f80000)
  from space 9216K, 0% used [0x00000000f5f80000,0x00000000f5f80000,0x00000000f6880000)
  to   space 13312K, 0% used [0x00000000fb380000,0x00000000fb380000,0x00000000fc080000)
 ParOldGen       total 108032K, used 30323K [0x00000000c0000000, 0x00000000c6980000, 0x00000000eab00000)
  object space 108032K, 28% used [0x00000000c0000000,0x00000000c1d9ce70,0x00000000c6980000)
 Metaspace       used 36466K, capacity 38020K, committed 38272K, reserved 1081344K
  class space    used 4834K, capacity 5449K, committed 5504K, reserved 1048576K
GC Heap History (10 events):
Event: 24.778 GC heap before
{Heap before GC invocations=11 (full 1):
 PSYoungGen      total 100864K, used 93312K [0x00000000eab00000, 0x00000000f3f00000, 0x0000000100000000)
  eden space 90624K, 100% used [0x00000000eab00000,0x00000000f0380000,0x00000000f0380000)
  from space 10240K, 26% used [0x00000000f0380000,0x00000000f0620000,0x00000000f0d80000)
  to   space 9728K, 0% used [0x00000000f3580000,0x00000000f3580000,0x00000000f3f00000)
 ParOldGen       total 57344K, used 8323K [0x00000000c0000000, 0x00000000c3800000, 0x00000000eab00000)
  object space 57344K, 14% used [0x00000000c0000000,0x00000000c0820c70,0x00000000c3800000)
 Metaspace       used 24744K, capacity 25348K, committed 25600K, reserved 1071104K
  class space    used 3245K, capacity 3481K, committed 3584K, reserved 1048576K
Event: 24.794 GC heap after
Heap after GC invocations=11 (full 1):
 PSYoungGen      total 140800K, used 4764K [0x00000000eab00000, 0x00000000f3e80000, 0x0000000100000000)
  eden space 131584K, 0% used [0x00000000eab00000,0x00000000eab00000,0x00000000f2b80000)
  from space 9216K, 51% used [0x00000000f3580000,0x00000000f3a27320,0x00000000f3e80000)
  to   space 9728K, 0% used [0x00000000f2b80000,0x00000000f2b80000,0x00000000f3500000)
 ParOldGen       total 57344K, used 10486K [0x00000000c0000000, 0x00000000c3800000, 0x00000000eab00000)
  object space 57344K, 18% used [0x00000000c0000000,0x00000000c0a3db38,0x00000000c3800000)
 Metaspace       used 24744K, capacity 25348K, committed 25600K, reserved 1071104K
  class space    used 3245K, capacity 3481K, committed 3584K, reserved 1048576K
}
Event: 26.745 GC heap before
{Heap before GC invocations=12 (full 1):
 PSYoungGen      total 140800K, used 136348K [0x00000000eab00000, 0x00000000f3e80000, 0x0000000100000000)
  eden space 131584K, 100% used [0x00000000eab00000,0x00000000f2b80000,0x00000000f2b80000)
  from space 9216K, 51% used [0x00000000f3580000,0x00000000f3a27320,0x00000000f3e80000)
  to   space 9728K, 0% used [0x00000000f2b80000,0x00000000f2b80000,0x00000000f3500000)
 ParOldGen       total 57344K, used 10486K [0x00000000c0000000, 0x00000000c3800000, 0x00000000eab00000)
  object space 57344K, 18% used [0x00000000c0000000,0x00000000c0a3db38,0x00000000c3800000)
 Metaspace       used 25885K, capacity 26714K, committed 26880K, reserved 1073152K
  class space    used 3417K, capacity 3714K, committed 3840K, reserved 1048576K
Event: 26.755 GC heap after
Heap after GC invocations=12 (full 1):
 PSYoungGen      total 141312K, used 2389K [0x00000000eab00000, 0x00000000f7400000, 0x0000000100000000)
  eden space 131584K, 0% used [0x00000000eab00000,0x00000000eab00000,0x00000000f2b80000)
  from space 9728K, 24% used [0x00000000f2b80000,0x00000000f2dd5560,0x00000000f3500000)
  to   space 9216K, 0% used [0x00000000f6b00000,0x00000000f6b00000,0x00000000f7400000)
 ParOldGen       total 57344K, used 14127K [0x00000000c0000000, 0x00000000c3800000, 0x00000000eab00000)
  object space 57344K, 24% used [0x00000000c0000000,0x00000000c0dcbc10,0x00000000c3800000)
 Metaspace       used 25885K, capacity 26714K, committed 26880K, reserved 1073152K
  class space    used 3417K, capacity 3714K, committed 3840K, reserved 1048576K
}
Event: 30.735 GC heap before
{Heap before GC invocations=13 (full 1):
 PSYoungGen      total 141312K, used 133973K [0x00000000eab00000, 0x00000000f7400000, 0x0000000100000000)
  eden space 131584K, 100% used [0x00000000eab00000,0x00000000f2b80000,0x00000000f2b80000)
  from space 9728K, 24% used [0x00000000f2b80000,0x00000000f2dd5560,0x00000000f3500000)
  to   space 9216K, 0% used [0x00000000f6b00000,0x00000000f6b00000,0x00000000f7400000)
 ParOldGen       total 57344K, used 14127K [0x00000000c0000000, 0x00000000c3800000, 0x00000000eab00000)
  object space 57344K, 24% used [0x00000000c0000000,0x00000000c0dcbc10,0x00000000c3800000)
 Metaspace       used 28810K, capacity 29782K, committed 30080K, reserved 1075200K
  class space    used 3742K, capacity 4106K, committed 4224K, reserved 1048576K
Event: 30.755 GC heap after
Heap after GC invocations=13 (full 1):
 PSYoungGen      total 191488K, used 3597K [0x00000000eab00000, 0x00000000f7180000, 0x0000000100000000)
  eden space 184832K, 0% used [0x00000000eab00000,0x00000000eab00000,0x00000000f5f80000)
  from space 6656K, 54% used [0x00000000f6b00000,0x00000000f6e835a0,0x00000000f7180000)
  to   space 9216K, 0% used [0x00000000f5f80000,0x00000000f5f80000,0x00000000f6880000)
 ParOldGen       total 57344K, used 15371K [0x00000000c0000000, 0x00000000c3800000, 0x00000000eab00000)
  object space 57344K, 26% used [0x00000000c0000000,0x00000000c0f02e70,0x00000000c3800000)
 Metaspace       used 28810K, capacity 29782K, committed 30080K, reserved 1075200K
  class space    used 3742K, capacity 4106K, committed 4224K, reserved 1048576K
}
Event: 37.137 GC heap before
{Heap before GC invocations=14 (full 1):
 PSYoungGen      total 191488K, used 164329K [0x00000000eab00000, 0x00000000f7180000, 0x0000000100000000)
  eden space 184832K, 86% used [0x00000000eab00000,0x00000000f47f70e8,0x00000000f5f80000)
  from space 6656K, 54% used [0x00000000f6b00000,0x00000000f6e835a0,0x00000000f7180000)
  to   space 9216K, 0% used [0x00000000f5f80000,0x00000000f5f80000,0x00000000f6880000)
 ParOldGen       total 57344K, used 15371K [0x00000000c0000000, 0x00000000c3800000, 0x00000000eab00000)
  object space 57344K, 26% used [0x00000000c0000000,0x00000000c0f02e70,0x00000000c3800000)
 Metaspace       used 33907K, capacity 35432K, committed 35496K, reserved 1079296K
  class space    used 4503K, capacity 5082K, committed 5120K, reserved 1048576K
Event: 37.193 GC heap after
Heap after GC invocations=14 (full 1):
 PSYoungGen      total 194048K, used 9200K [0x00000000eab00000, 0x00000000fc080000, 0x0000000100000000)
  eden space 184832K, 0% used [0x00000000eab00000,0x00000000eab00000,0x00000000f5f80000)
  from space 9216K, 99% used [0x00000000f5f80000,0x00000000f687c010,0x00000000f6880000)
  to   space 13312K, 0% used [0x00000000fb380000,0x00000000fb380000,0x00000000fc080000)
 ParOldGen       total 57344K, used 23022K [0x00000000c0000000, 0x00000000c3800000, 0x00000000eab00000)
  object space 57344K, 40% used [0x00000000c0000000,0x00000000c167b870,0x00000000c3800000)
 Metaspace       used 33907K, capacity 35432K, committed 35496K, reserved 1079296K
  class space    used 4503K, capacity 5082K, committed 5120K, reserved 1048576K
}
Event: 37.193 GC heap before
{Heap before GC invocations=15 (full 2):
 PSYoungGen      total 194048K, used 9200K [0x00000000eab00000, 0x00000000fc080000, 0x0000000100000000)
  eden space 184832K, 0% used [0x00000000eab00000,0x00000000eab00000,0x00000000f5f80000)
  from space 9216K, 99% used [0x00000000f5f80000,0x00000000f687c010,0x00000000f6880000)
  to   space 13312K, 0% used [0x00000000fb380000,0x00000000fb380000,0x00000000fc080000)
 ParOldGen       total 57344K, used 23022K [0x00000000c0000000, 0x00000000c3800000, 0x00000000eab00000)
  object space 57344K, 40% used [0x00000000c0000000,0x00000000c167b870,0x00000000c3800000)
 Metaspace       used 33907K, capacity 35432K, committed 35496K, reserved 1079296K
  class space    used 4503K, capacity 5082K, committed 5120K, reserved 1048576K
Event: 37.555 GC heap after
Heap after GC invocations=15 (full 2):
 PSYoungGen      total 194048K, used 0K [0x00000000eab00000, 0x00000000fc080000, 0x0000000100000000)
  eden space 184832K, 0% used [0x00000000eab00000,0x00000000eab00000,0x00000000f5f80000)
  from space 9216K, 0% used [0x00000000f5f80000,0x00000000f5f80000,0x00000000f6880000)
  to   space 13312K, 0% used [0x00000000fb380000,0x00000000fb380000,0x00000000fc080000)
 ParOldGen       total 108032K, used 30323K [0x00000000c0000000, 0x00000000c6980000, 0x00000000eab00000)
  object space 108032K, 28% used [0x00000000c0000000,0x00000000c1d9ce70,0x00000000c6980000)
 Metaspace       used 33907K, capacity 35432K, committed 35496K, reserved 1079296K
  class space    used 4503K, capacity 5082K, committed 5120K, reserved 1048576K
}

